<?xml version="1.0" encoding="UTF-8"?>
<!-- Generated by org.testng.reporters.JUnitReportReporter -->
<testsuite hostname="DESKTOP-9NNEBHS" failures="0" tests="1" name="cucumber.TestNGTestRunner" time="9.746" errors="0" timestamp="2024-03-19T15:33:58 IST" skipped="0">
  <testcase classname="cucumber.TestNGTestRunner" name="runScenario" time="9.746"/>
</testsuite> <!-- cucumber.TestNGTestRunner -->
