<?xml version="1.0" encoding="UTF-8"?>
<!-- Generated by org.testng.reporters.JUnitReportReporter -->
<testsuite hostname="DESKTOP-9NNEBHS" failures="0" tests="3" name="rahulshettyacademy.tests.SubmitOrderTest" time="37.007" errors="0" timestamp="2024-03-20T17:07:41 IST" skipped="0">
  <testcase classname="rahulshettyacademy.tests.SubmitOrderTest" name="OrderHistoryTest" time="9.206"/>
  <testcase classname="rahulshettyacademy.tests.SubmitOrderTest" name="submitOrder" time="16.747"/>
  <testcase classname="rahulshettyacademy.tests.SubmitOrderTest" name="submitOrder" time="11.054"/>
</testsuite> <!-- rahulshettyacademy.tests.SubmitOrderTest -->
