<?xml version="1.0" encoding="UTF-8"?>
<!-- Generated by org.testng.reporters.JUnitReportReporter -->
<testsuite hostname="DESKTOP-9NNEBHS" failures="0" tests="3" name="rahulshettyacademy.tests.SubmitOrderTest" time="36.301" errors="0" timestamp="2023-08-25T15:21:04 IST" skipped="0">
  <testcase classname="rahulshettyacademy.tests.SubmitOrderTest" name="submitOrder" time="11.014"/>
  <testcase classname="rahulshettyacademy.tests.SubmitOrderTest" name="submitOrder" time="17.446"/>
  <testcase classname="rahulshettyacademy.tests.SubmitOrderTest" name="OrderHistoryTest" time="7.841"/>
</testsuite> <!-- rahulshettyacademy.tests.SubmitOrderTest -->
