<?xml version="1.0" encoding="UTF-8"?>
<!-- Generated by org.testng.reporters.JUnitReportReporter -->
<testsuite hostname="DESKTOP-9NNEBHS" failures="0" tests="1" name="rahulshettyacademy.tests.ErrorValidationsTest" time="54.276" errors="0" timestamp="2023-08-25T16:12:35 IST" skipped="0">
  <testcase classname="rahulshettyacademy.tests.ErrorValidationsTest" name="LoginErrorValidation" time="54.276"/>
</testsuite> <!-- rahulshettyacademy.tests.ErrorValidationsTest -->
